CASE repository: IBM Cloud-Pak OCI registry (oci:cp.icr.io/cpopen)
Downloading and extracting the CASE ...
- Success
Retrieving CASE version ...
- Success
Validating the CASE spec version ...
- Success
Validating the CASE signature ...
Validating the signature for the ibm-mq CASE...
- Success
Creating inventory ...
- Success
Finding inventory items
- Success
Resolving inventory items ...
Parsing inventory items
Resolve dependencies has been set to false, no dependent CASEs will be resolved.
- Success
Validating the CASE ...
- Success
Download of CASE: ibm-mq, version: 3.5.1 is complete

Generating ComponentSetConfig of CASE: ibm-mq, version: 3.5.1 to /home/admin/.ibm-pak/data/cases/ibm-mq/3.5.1/component-set-config.yaml is complete
CASE repository: IBM Cloud-Pak OCI registry (oci:cp.icr.io/cpopen)
Downloading and extracting the CASE ...
- Success
Retrieving CASE version ...
- Success
Validating the CASE spec version ...
- Success
Validating the CASE signature ...
Validating the signature for the ibm-eventstreams CASE...
